Arguments: 
  C:\Program Files\nodejs\node.exe C:\Program Files (x86)\Yarn\bin\yarn.js add react-native-animatable

PATH: 
  C:\WINDOWS\system32;C:\WINDOWS;C:\WINDOWS\System32\Wbem;C:\WINDOWS\System32\WindowsPowerShell\v1.0\;C:\WINDOWS\System32\OpenSSH\;C:\Program Files\Java\jdk-12.0.2\bin;C:\xampp\php;C:\ProgramData\ComposerSetup\bin;C:\Program Files (x86)\Yarn\bin\;C:\Program Files (x86)\Symantec\VIP Access Client\;%NVM_HOME%;%NVM_SYMLINK%;D:\INISTALLED APP\Git\cmd;C:\Program Files\nodejs\;C:\Users\Khalil Ahmad\AppData\Local\Microsoft\WindowsApps;C:\Program Files\heroku\bin;C:\Users\Khalil Ahmad\AppData\Roaming\Composer\vendor\bin;C:\Users\Khalil Ahmad\AppData\Local\Yarn\bin;C:\Users\Khalil Ahmad\AppData\Roaming\nvm;C:\Users\Khalil Ahmad\AppData\Local\Programs\Microsoft VS Code\bin;C:\Users\Khalil Ahmad\AppData\Roaming\npm;D:\INISTALLED APP\heroku\bin

Yarn version: 
  1.19.1

Node version: 
  16.15.0

Platform: 
  win32 x64

Trace: 
  Error: EBUSY: resource busy or locked, copyfile 'C:\Users\Khalil Ahmad\AppData\Local\Yarn\Cache\v6\npm-@babel-preset-flow-7.18.6-83f7602ba566e72a9918beefafef8ef16d2810cb-integrity\node_modules\@babel\preset-flow\package.json' -> 'D:\Projects\react-native\deliveroo-app-clone\node_modules\@babel\preset-flow\package.json'

npm manifest: 
  {
    "name": "deliveroo-app-clone",
    "version": "1.0.0",
    "main": "node_modules/expo/AppEntry.js",
    "scripts": {
      "start": "expo start",
      "android": "expo start --android",
      "ios": "expo start --ios",
      "web": "expo start --web"
    },
    "dependencies": {
      "@react-navigation/native": "^6.0.12",
      "@react-navigation/native-stack": "^6.8.0",
      "@reduxjs/toolkit": "^1.8.5",
      "expo": "~46.0.9",
      "expo-status-bar": "~1.4.0",
      "react": "18.0.0",
      "react-native": "0.69.5",
      "react-native-safe-area-context": "4.3.1",
      "react-native-screens": "~3.15.0",
      "react-redux": "^8.0.2"
    },
    "devDependencies": {
      "@babel/core": "^7.12.9"
    },
    "private": true
  }

yarn manifest: 
  No manifest

Lockfile: 
  No lockfile
